0 silly argv {
0 silly argv   _: [ 'run' ],
0 silly argv   lernaVersion: '5.1.8',
0 silly argv   '$0': 'node_modules/.bin/lerna',
0 silly argv   script: 'build'
0 silly argv }
1 notice cli v5.1.8
2 verbose rootPath /home/rupert/Sites/shared
3 error JSONError: Unexpected token "t" (0x74) in JSON at position 635 while parsing near "...on false && echo '{\"type\":\"module\"}' > d..." in packages/checkbox/package.json
3 error
3 error [0m [90m 24 |[39m   [32m"scripts"[39m[33m:[39m {[0m
3 error [0m [90m 25 |[39m     [32m"build"[39m[33m:[39m [32m"npm-run-all build:*"[39m[33m,[39m[0m
3 error [0m[31m[1m>[22m[39m[90m 26 |[39m     [32m"build:es"[39m[33m:[39m [32m"tsc --outDir dist/es --module esnext --declaration false && echo '{"[39mtype[32m":"[39mmodule[32m"}' > dist/es/package.json"[39m[33m,[39m[0m
3 error [0m [90m    |[39m                                                                                      [31m[1m^[22m[39m[0m
3 error [0m [90m 27 |[39m     [32m"build:js"[39m[33m:[39m [32m"tsc"[39m[0m
3 error [0m [90m 28 |[39m   }[33m,[39m[0m
3 error [0m [90m 29 |[39m   [32m"devDependencies"[39m[33m:[39m {[0m
3 error
3 error     at parseJson (/home/rupert/Sites/shared/node_modules/parse-json/index.js:29:21)
3 error     at parse (/home/rupert/Sites/shared/node_modules/load-json-file/index.js:15:9)
3 error     at module.exports (/home/rupert/Sites/shared/node_modules/load-json-file/index.js:18:47)
